<?xml version="1.0" encoding="UTF-8"?>
<!-- Generated by org.testng.reporters.JUnitReportReporter -->
<testsuite skipped="0" hostname="EC2AMAZ-JP7UKQJ" name="TestHelloWorld" tests="1" failures="0" timestamp="2019-11-22T05:45:06 UTC" time="0.009" errors="0">
  <testcase name="testrunTest" time="0.009" classname="TestHelloWorld"/>
</testsuite> <!-- TestHelloWorld -->
