<?xml version="1.0" encoding="UTF-8"?>
<!-- Generated by org.testng.reporters.JUnitReportReporter -->
<testsuite skipped="0" hostname="EC2AMAZ-JP7UKQJ" name="HelloWorld" tests="1" failures="0" timestamp="2019-11-22T05:35:57 UTC" time="0.012" errors="0">
  <testcase name="runTest" time="0.012" classname="HelloWorld"/>
</testsuite> <!-- HelloWorld -->
